# JRE version: OpenJDK Runtime Environment (21.0.4) (build 21.0.4+-12508038-b607.1)
# Java VM: OpenJDK 64-Bit Server VM (21.0.4+-12508038-b607.1, mixed mode, tiered, compressed oops, compressed class ptrs, g1 gc, windows-amd64)
GC Precious Log:
 CardTable entry size: 512
 Card Set container configuration: InlinePtr #cards 5 size 8 Array Of Cards #cards 12 size 40 Howl #buckets 4 coarsen threshold 1843 Howl Bitmap #cards 512 size 80 coarsen threshold 460 Card regions per heap region 1 cards per card region 2048
 CPUs: 12 total, 12 available
 Memory: 7381M
 Large Page Support: Disabled
 NUMA Support: Disabled
 Compressed Oops: Enabled (32-bit)
 Heap Region Size: 1M
 Heap Min Capacity: 8M
 Heap Initial Capacity: 116M
 Heap Max Capacity: 2G
 Pre-touch: Disabled
 Parallel Workers: 10
 Concurrent Workers: 3
 Concurrent Refinement Workers: 10
 Periodic GC: Disabled
Heap:
 garbage-first heap   total 227328K, used 161749K [0x0000000080000000, 0x0000000100000000)
  region size 1024K, 34 young (34816K), 8 survivors (8192K)
 Metaspace       used 101202K, committed 103296K, reserved 1179648K
  class space    used 13601K, committed 14656K, reserved 1048576K
GC Heap History (20 events):
Event: 16.180 GC heap before
{Heap before GC invocations=23 (full 0):
 garbage-first heap   total 146432K, used 129222K [0x0000000080000000, 0x0000000100000000)
  region size 1024K, 50 young (51200K), 7 survivors (7168K)
 Metaspace       used 79125K, committed 80960K, reserved 1179648K
  class space    used 10711K, committed 11648K, reserved 1048576K
}
Event: 16.187 GC heap after
{Heap after GC invocations=24 (full 0):
 garbage-first heap   total 146432K, used 91153K [0x0000000080000000, 0x0000000100000000)
  region size 1024K, 5 young (5120K), 5 survivors (5120K)
 Metaspace       used 79125K, committed 80960K, reserved 1179648K
  class space    used 10711K, committed 11648K, reserved 1048576K
}
Event: 16.389 GC heap before
{Heap before GC invocations=25 (full 0):
 garbage-first heap   total 153600K, used 131089K [0x0000000080000000, 0x0000000100000000)
  region size 1024K, 45 young (46080K), 5 survivors (5120K)
 Metaspace       used 79292K, committed 81152K, reserved 1179648K
  class space    used 10711K, committed 11648K, reserved 1048576K
}
Event: 16.393 GC heap after
{Heap after GC invocations=26 (full 0):
 garbage-first heap   total 153600K, used 92310K [0x0000000080000000, 0x0000000100000000)
  region size 1024K, 4 young (4096K), 4 survivors (4096K)
 Metaspace       used 79292K, committed 81152K, reserved 1179648K
  class space    used 10711K, committed 11648K, reserved 1048576K
}
Event: 16.545 GC heap before
{Heap before GC invocations=26 (full 0):
 garbage-first heap   total 153600K, used 138390K [0x0000000080000000, 0x0000000100000000)
  region size 1024K, 50 young (51200K), 4 survivors (4096K)
 Metaspace       used 79350K, committed 81216K, reserved 1179648K
  class space    used 10711K, committed 11648K, reserved 1048576K
}
Event: 16.550 GC heap after
{Heap after GC invocations=27 (full 0):
 garbage-first heap   total 153600K, used 91688K [0x0000000080000000, 0x0000000100000000)
  region size 1024K, 5 young (5120K), 5 survivors (5120K)
 Metaspace       used 79350K, committed 81216K, reserved 1179648K
  class space    used 10711K, committed 11648K, reserved 1048576K
}
Event: 16.678 GC heap before
{Heap before GC invocations=27 (full 0):
 garbage-first heap   total 153600K, used 137768K [0x0000000080000000, 0x0000000100000000)
  region size 1024K, 51 young (52224K), 5 survivors (5120K)
 Metaspace       used 79358K, committed 81280K, reserved 1179648K
  class space    used 10712K, committed 11648K, reserved 1048576K
}
Event: 16.682 GC heap after
{Heap after GC invocations=28 (full 0):
 garbage-first heap   total 153600K, used 92654K [0x0000000080000000, 0x0000000100000000)
  region size 1024K, 5 young (5120K), 5 survivors (5120K)
 Metaspace       used 79358K, committed 81280K, reserved 1179648K
  class space    used 10712K, committed 11648K, reserved 1048576K
}
Event: 17.413 GC heap before
{Heap before GC invocations=29 (full 0):
 garbage-first heap   total 157696K, used 151022K [0x0000000080000000, 0x0000000100000000)
  region size 1024K, 49 young (50176K), 5 survivors (5120K)
 Metaspace       used 80394K, committed 82304K, reserved 1179648K
  class space    used 10875K, committed 11840K, reserved 1048576K
}
Event: 17.422 GC heap after
{Heap after GC invocations=30 (full 0):
 garbage-first heap   total 165888K, used 113806K [0x0000000080000000, 0x0000000100000000)
  region size 1024K, 7 young (7168K), 7 survivors (7168K)
 Metaspace       used 80394K, committed 82304K, reserved 1179648K
  class space    used 10875K, committed 11840K, reserved 1048576K
}
Event: 17.897 GC heap before
{Heap before GC invocations=30 (full 0):
 garbage-first heap   total 165888K, used 147598K [0x0000000080000000, 0x0000000100000000)
  region size 1024K, 40 young (40960K), 7 survivors (7168K)
 Metaspace       used 83044K, committed 84928K, reserved 1179648K
  class space    used 11203K, committed 12160K, reserved 1048576K
}
Event: 17.904 GC heap after
{Heap after GC invocations=31 (full 0):
 garbage-first heap   total 199680K, used 115281K [0x0000000080000000, 0x0000000100000000)
  region size 1024K, 2 young (2048K), 2 survivors (2048K)
 Metaspace       used 83044K, committed 84928K, reserved 1179648K
  class space    used 11203K, committed 12160K, reserved 1048576K
}
Event: 18.781 GC heap before
{Heap before GC invocations=31 (full 0):
 garbage-first heap   total 199680K, used 165457K [0x0000000080000000, 0x0000000100000000)
  region size 1024K, 53 young (54272K), 2 survivors (2048K)
 Metaspace       used 88363K, committed 90304K, reserved 1179648K
  class space    used 11879K, committed 12864K, reserved 1048576K
}
Event: 18.786 GC heap after
{Heap after GC invocations=32 (full 0):
 garbage-first heap   total 199680K, used 118022K [0x0000000080000000, 0x0000000100000000)
  region size 1024K, 5 young (5120K), 5 survivors (5120K)
 Metaspace       used 88363K, committed 90304K, reserved 1179648K
  class space    used 11879K, committed 12864K, reserved 1048576K
}
Event: 19.582 GC heap before
{Heap before GC invocations=33 (full 0):
 garbage-first heap   total 204800K, used 184582K [0x0000000080000000, 0x0000000100000000)
  region size 1024K, 66 young (67584K), 5 survivors (5120K)
 Metaspace       used 92167K, committed 94208K, reserved 1179648K
  class space    used 12373K, committed 13376K, reserved 1048576K
}
Event: 19.589 GC heap after
{Heap after GC invocations=34 (full 0):
 garbage-first heap   total 204800K, used 123778K [0x0000000080000000, 0x0000000100000000)
  region size 1024K, 9 young (9216K), 9 survivors (9216K)
 Metaspace       used 92167K, committed 94208K, reserved 1179648K
  class space    used 12373K, committed 13376K, reserved 1048576K
}
Event: 20.616 GC heap before
{Heap before GC invocations=34 (full 0):
 garbage-first heap   total 204800K, used 187266K [0x0000000080000000, 0x0000000100000000)
  region size 1024K, 67 young (68608K), 9 survivors (9216K)
 Metaspace       used 97989K, committed 100096K, reserved 1179648K
  class space    used 13146K, committed 14208K, reserved 1048576K
}
Event: 20.627 GC heap after
{Heap after GC invocations=35 (full 0):
 garbage-first heap   total 204800K, used 131256K [0x0000000080000000, 0x0000000100000000)
  region size 1024K, 4 young (4096K), 4 survivors (4096K)
 Metaspace       used 97989K, committed 100096K, reserved 1179648K
  class space    used 13146K, committed 14208K, reserved 1048576K
}
Event: 21.251 GC heap before
{Heap before GC invocations=35 (full 0):
 garbage-first heap   total 204800K, used 188600K [0x0000000080000000, 0x0000000100000000)
  region size 1024K, 60 young (61440K), 4 survivors (4096K)
 Metaspace       used 99284K, committed 101376K, reserved 1179648K
  class space    used 13315K, committed 14400K, reserved 1048576K
}
Event: 21.258 GC heap after
{Heap after GC invocations=36 (full 0):
 garbage-first heap   total 204800K, used 136149K [0x0000000080000000, 0x0000000100000000)
  region size 1024K, 8 young (8192K), 8 survivors (8192K)
 Metaspace       used 99284K, committed 101376K, reserved 1179648K
  class space    used 13315K, committed 14400K, reserved 1048576K
}

