# JRE version: OpenJDK Runtime Environment (21.0.4) (build 21.0.4+-12508038-b607.1)
# Java VM: OpenJDK 64-Bit Server VM (21.0.4+-12508038-b607.1, mixed mode, tiered, compressed oops, compressed class ptrs, g1 gc, windows-amd64)
GC Precious Log:
 CardTable entry size: 512
 Card Set container configuration: InlinePtr #cards 5 size 8 Array Of Cards #cards 12 size 40 Howl #buckets 4 coarsen threshold 1843 Howl Bitmap #cards 512 size 80 coarsen threshold 460 Card regions per heap region 1 cards per card region 2048
 CPUs: 12 total, 12 available
 Memory: 7381M
 Large Page Support: Disabled
 NUMA Support: Disabled
 Compressed Oops: Enabled (32-bit)
 Heap Region Size: 1M
 Heap Min Capacity: 8M
 Heap Initial Capacity: 116M
 Heap Max Capacity: 2G
 Pre-touch: Disabled
 Parallel Workers: 10
 Concurrent Workers: 3
 Concurrent Refinement Workers: 10
 Periodic GC: Disabled
Heap:
 garbage-first heap   total 132096K, used 79131K [0x0000000080000000, 0x0000000100000000)
  region size 1024K, 5 young (5120K), 5 survivors (5120K)
 Metaspace       used 68014K, committed 69632K, reserved 1114112K
  class space    used 9245K, committed 10048K, reserved 1048576K
GC Heap History (20 events):
Event: 6.988 GC heap after
{Heap after GC invocations=8 (full 0):
 garbage-first heap   total 92160K, used 41911K [0x0000000080000000, 0x0000000100000000)
  region size 1024K, 2 young (2048K), 2 survivors (2048K)
 Metaspace       used 35097K, committed 35968K, reserved 1114112K
  class space    used 4707K, committed 5120K, reserved 1048576K
}
Event: 7.540 GC heap before
{Heap before GC invocations=9 (full 0):
 garbage-first heap   total 92160K, used 68535K [0x0000000080000000, 0x0000000100000000)
  region size 1024K, 27 young (27648K), 2 survivors (2048K)
 Metaspace       used 38267K, committed 39232K, reserved 1114112K
  class space    used 5206K, committed 5696K, reserved 1048576K
}
Event: 7.542 GC heap after
{Heap after GC invocations=10 (full 0):
 garbage-first heap   total 92160K, used 43765K [0x0000000080000000, 0x0000000100000000)
  region size 1024K, 3 young (3072K), 3 survivors (3072K)
 Metaspace       used 38267K, committed 39232K, reserved 1114112K
  class space    used 5206K, committed 5696K, reserved 1048576K
}
Event: 7.925 GC heap before
{Heap before GC invocations=10 (full 0):
 garbage-first heap   total 92160K, used 70389K [0x0000000080000000, 0x0000000100000000)
  region size 1024K, 29 young (29696K), 3 survivors (3072K)
 Metaspace       used 41665K, committed 42944K, reserved 1114112K
  class space    used 5764K, committed 6400K, reserved 1048576K
}
Event: 7.928 GC heap after
{Heap after GC invocations=11 (full 0):
 garbage-first heap   total 92160K, used 45159K [0x0000000080000000, 0x0000000100000000)
  region size 1024K, 4 young (4096K), 4 survivors (4096K)
 Metaspace       used 41665K, committed 42944K, reserved 1114112K
  class space    used 5764K, committed 6400K, reserved 1048576K
}
Event: 8.634 GC heap before
{Heap before GC invocations=11 (full 0):
 garbage-first heap   total 92160K, used 71783K [0x0000000080000000, 0x0000000100000000)
  region size 1024K, 31 young (31744K), 4 survivors (4096K)
 Metaspace       used 47692K, committed 49024K, reserved 1114112K
  class space    used 6497K, committed 7168K, reserved 1048576K
}
Event: 8.639 GC heap after
{Heap after GC invocations=12 (full 0):
 garbage-first heap   total 92160K, used 48565K [0x0000000080000000, 0x0000000100000000)
  region size 1024K, 4 young (4096K), 4 survivors (4096K)
 Metaspace       used 47692K, committed 49024K, reserved 1114112K
  class space    used 6497K, committed 7168K, reserved 1048576K
}
Event: 8.952 GC heap before
{Heap before GC invocations=13 (full 0):
 garbage-first heap   total 92160K, used 75189K [0x0000000080000000, 0x0000000100000000)
  region size 1024K, 31 young (31744K), 4 survivors (4096K)
 Metaspace       used 49042K, committed 50304K, reserved 1114112K
  class space    used 6629K, committed 7232K, reserved 1048576K
}
Event: 8.958 GC heap after
{Heap after GC invocations=14 (full 0):
 garbage-first heap   total 92160K, used 51249K [0x0000000080000000, 0x0000000100000000)
  region size 1024K, 3 young (3072K), 3 survivors (3072K)
 Metaspace       used 49042K, committed 50304K, reserved 1114112K
  class space    used 6629K, committed 7232K, reserved 1048576K
}
Event: 9.504 GC heap before
{Heap before GC invocations=14 (full 0):
 garbage-first heap   total 92160K, used 82993K [0x0000000080000000, 0x0000000100000000)
  region size 1024K, 29 young (29696K), 3 survivors (3072K)
 Metaspace       used 52704K, committed 54080K, reserved 1114112K
  class space    used 7073K, committed 7744K, reserved 1048576K
}
Event: 9.508 GC heap after
{Heap after GC invocations=15 (full 0):
 garbage-first heap   total 110592K, used 52936K [0x0000000080000000, 0x0000000100000000)
  region size 1024K, 3 young (3072K), 3 survivors (3072K)
 Metaspace       used 52704K, committed 54080K, reserved 1114112K
  class space    used 7073K, committed 7744K, reserved 1048576K
}
Event: 10.102 GC heap before
{Heap before GC invocations=15 (full 0):
 garbage-first heap   total 110592K, used 80584K [0x0000000080000000, 0x0000000100000000)
  region size 1024K, 31 young (31744K), 3 survivors (3072K)
 Metaspace       used 55863K, committed 57408K, reserved 1114112K
  class space    used 7610K, committed 8384K, reserved 1048576K
}
Event: 10.106 GC heap after
{Heap after GC invocations=16 (full 0):
 garbage-first heap   total 110592K, used 55511K [0x0000000080000000, 0x0000000100000000)
  region size 1024K, 6 young (6144K), 6 survivors (6144K)
 Metaspace       used 55863K, committed 57408K, reserved 1114112K
  class space    used 7610K, committed 8384K, reserved 1048576K
}
Event: 10.787 GC heap before
{Heap before GC invocations=17 (full 0):
 garbage-first heap   total 110592K, used 107735K [0x0000000080000000, 0x0000000100000000)
  region size 1024K, 42 young (43008K), 6 survivors (6144K)
 Metaspace       used 58599K, committed 60224K, reserved 1114112K
  class space    used 7852K, committed 8640K, reserved 1048576K
}
Event: 10.795 GC heap after
{Heap after GC invocations=18 (full 0):
 garbage-first heap   total 120832K, used 75217K [0x0000000080000000, 0x0000000100000000)
  region size 1024K, 6 young (6144K), 6 survivors (6144K)
 Metaspace       used 58599K, committed 60224K, reserved 1114112K
  class space    used 7852K, committed 8640K, reserved 1048576K
}
Event: 11.062 GC heap before
{Heap before GC invocations=18 (full 0):
 garbage-first heap   total 120832K, used 105937K [0x0000000080000000, 0x0000000100000000)
  region size 1024K, 36 young (36864K), 6 survivors (6144K)
 Metaspace       used 59697K, committed 61376K, reserved 1114112K
  class space    used 8037K, committed 8896K, reserved 1048576K
}
Event: 11.067 GC heap after
{Heap after GC invocations=19 (full 0):
 garbage-first heap   total 120832K, used 76386K [0x0000000080000000, 0x0000000100000000)
  region size 1024K, 2 young (2048K), 2 survivors (2048K)
 Metaspace       used 59697K, committed 61376K, reserved 1114112K
  class space    used 8037K, committed 8896K, reserved 1048576K
}
Event: 11.648 GC heap before
{Heap before GC invocations=19 (full 0):
 garbage-first heap   total 120832K, used 107106K [0x0000000080000000, 0x0000000100000000)
  region size 1024K, 32 young (32768K), 2 survivors (2048K)
 Metaspace       used 63993K, committed 65728K, reserved 1114112K
  class space    used 8620K, committed 9472K, reserved 1048576K
}
Event: 11.651 GC heap after
{Heap after GC invocations=20 (full 0):
 garbage-first heap   total 120832K, used 77558K [0x0000000080000000, 0x0000000100000000)
  region size 1024K, 3 young (3072K), 3 survivors (3072K)
 Metaspace       used 63993K, committed 65728K, reserved 1114112K
  class space    used 8620K, committed 9472K, reserved 1048576K
}
Event: 12.421 GC heap before
{Heap before GC invocations=21 (full 0):
 garbage-first heap   total 132096K, used 108278K [0x0000000080000000, 0x0000000100000000)
  region size 1024K, 33 young (33792K), 3 survivors (3072K)
 Metaspace       used 68014K, committed 69632K, reserved 1114112K
  class space    used 9245K, committed 10048K, reserved 1048576K
}

